
        
  #ifdef HAS_RF_ROUTER
          if(rf_router_myid &&
                  check_rf_sync(hightime[CC_INSTANCE], lowtime[CC_INSTANCE]) &&
                  check_rf_sync(b->zero.lowtime, b->zero.hightime)) {
          rf_router_status = RF_ROUTER_SYNC_RCVD;
          reset_input();
          return;


        } else
  #endif
        {
          b->state = STATE_COLLECT;
          if(TX_REPORT & REP_MONITOR) {
              DC('C');
              DC('<'); DU(b->zero.hightime, 0); DC('/'); DU(b->zero.lowtime, 0); DC('>');
          }
        }

        b->one.hightime = hightime[CC_INSTANCE];
        b->one.lowtime  = lowtime[CC_INSTANCE];
        b->byteidx = 0;
        b->bitidx  = 7;
        b->data[0] = 0;

#ifdef USE_HAL
        hal_enable_CC_timer_int(CC_INSTANCE,TRUE);
#else
        TIMSK1 = _BV(OCIE1A);             // On timeout analyze the data
#endif

      } else {                          // too few sync bits
    	  //DC('j');
    	  b->state = STATE_RESET;
        goto retry_sync;

      }
      break;
    /*case STATE_BRESSER:
